<?xml version="1.0" encoding="UTF-8"?>
<testsuite name="com.kodilla.hibernate.tasklist.dao.TaskListDaoTestSuite" tests="1" skipped="0" failures="0" errors="0" timestamp="2023-09-14T21:56:54" hostname="GP.local" time="0.51">
  <properties/>
  <testcase name="testFindByListName()" classname="com.kodilla.hibernate.tasklist.dao.TaskListDaoTestSuite" time="0.51"/>
  <system-out><![CDATA[23:56:52.875 [Test worker] INFO org.springframework.test.context.support.AnnotationConfigContextLoaderUtils -- Could not detect default configuration classes for test class [com.kodilla.hibernate.tasklist.dao.TaskListDaoTestSuite]: TaskListDaoTestSuite does not declare any static, non-private, non-final, nested classes annotated with @Configuration.
23:56:52.947 [Test worker] INFO org.springframework.boot.test.context.SpringBootTestContextBootstrapper -- Found @SpringBootConfiguration com.kodilla.hibernate.KodillaHibernateApplication for test class com.kodilla.hibernate.tasklist.dao.TaskListDaoTestSuite

  .   ____          _            __ _ _
 /\\ / ___'_ __ _ _(_)_ __  __ _ \ \ \ \
( ( )\___ | '_ | '_| | '_ \/ _` | \ \ \ \
 \\/  ___)| |_)| | | | | || (_| |  ) ) ) )
  '  |____| .__|_| |_|_| |_\__, | / / / /
 =========|_|==============|___/=/_/_/_/
 :: Spring Boot ::                (v3.1.3)

2023-09-14T23:56:53.193+02:00  INFO 12722 --- [    Test worker] c.k.h.tasklist.dao.TaskListDaoTestSuite  : Starting TaskListDaoTestSuite using Java 17.0.8 with PID 12722 (started by gp in /Users/gp/Dev/kodilla-course/kodilla-hibernate)
2023-09-14T23:56:53.194+02:00  INFO 12722 --- [    Test worker] c.k.h.tasklist.dao.TaskListDaoTestSuite  : No active profile set, falling back to 1 default profile: "default"
2023-09-14T23:56:53.460+02:00  INFO 12722 --- [    Test worker] .s.d.r.c.RepositoryConfigurationDelegate : Bootstrapping Spring Data JPA repositories in DEFAULT mode.
2023-09-14T23:56:53.508+02:00  INFO 12722 --- [    Test worker] .s.d.r.c.RepositoryConfigurationDelegate : Finished Spring Data repository scanning in 40 ms. Found 2 JPA repository interfaces.
2023-09-14T23:56:53.765+02:00  INFO 12722 --- [    Test worker] o.hibernate.jpa.internal.util.LogHelper  : HHH000204: Processing PersistenceUnitInfo [name: default]
2023-09-14T23:56:53.795+02:00  INFO 12722 --- [    Test worker] org.hibernate.Version                    : HHH000412: Hibernate ORM core version 6.2.7.Final
2023-09-14T23:56:53.797+02:00  INFO 12722 --- [    Test worker] org.hibernate.cfg.Environment            : HHH000406: Using bytecode reflection optimizer
2023-09-14T23:56:53.887+02:00  INFO 12722 --- [    Test worker] o.h.b.i.BytecodeProviderInitiator        : HHH000021: Bytecode provider name : bytebuddy
2023-09-14T23:56:53.970+02:00  INFO 12722 --- [    Test worker] o.s.o.j.p.SpringPersistenceUnitInfo      : No LoadTimeWeaver setup: ignoring JPA class transformer
2023-09-14T23:56:53.980+02:00  INFO 12722 --- [    Test worker] com.zaxxer.hikari.HikariDataSource       : HikariPool-1 - Starting...
2023-09-14T23:56:54.086+02:00  INFO 12722 --- [    Test worker] com.zaxxer.hikari.pool.HikariPool        : HikariPool-1 - Added connection com.mysql.cj.jdbc.ConnectionImpl@5b48f0f4
2023-09-14T23:56:54.088+02:00  INFO 12722 --- [    Test worker] com.zaxxer.hikari.HikariDataSource       : HikariPool-1 - Start completed.
2023-09-14T23:56:54.114+02:00  WARN 12722 --- [    Test worker] org.hibernate.orm.deprecation            : HHH90000026: MySQL57Dialect has been deprecated; use org.hibernate.dialect.MySQLDialect instead
2023-09-14T23:56:54.236+02:00  INFO 12722 --- [    Test worker] o.h.b.i.BytecodeProviderInitiator        : HHH000021: Bytecode provider name : bytebuddy
2023-09-14T23:56:54.649+02:00  INFO 12722 --- [    Test worker] o.h.e.t.j.p.i.JtaPlatformInitiator       : HHH000490: Using JtaPlatform implementation: [org.hibernate.engine.transaction.jta.platform.internal.NoJtaPlatform]
Hibernate: create table tasklists (id integer not null, description varchar(255), listname varchar(255), primary key (id)) engine=InnoDB
Hibernate: create table tasklists_seq (next_val bigint) engine=InnoDB
Hibernate: insert into tasklists_seq values ( 1 )
Hibernate: alter table tasks modify column created  datetime(6) not null
2023-09-14T23:56:54.699+02:00  INFO 12722 --- [    Test worker] j.LocalContainerEntityManagerFactoryBean : Initialized JPA EntityManagerFactory for persistence unit 'default'
2023-09-14T23:56:54.964+02:00  INFO 12722 --- [    Test worker] c.k.h.tasklist.dao.TaskListDaoTestSuite  : Started TaskListDaoTestSuite in 1.929 seconds (process running for 2.7)
Hibernate: select next_val as id_val from tasklists_seq for update
Hibernate: update tasklists_seq set next_val= ? where next_val=?
Hibernate: insert into tasklists (description,listname,id) values (?,?,?)
Hibernate: select t1_0.id,t1_0.description,t1_0.listname from tasklists t1_0 where t1_0.listname=?
Hibernate: select t1_0.id,t1_0.description,t1_0.listname from tasklists t1_0 where t1_0.id=?
Hibernate: delete from tasklists where id=?
]]></system-out>
  <system-err><![CDATA[]]></system-err>
</testsuite>
